This file contains any messages produced by compilers while
running configure, to aid debugging if configure makes a mistake.

It was created by configure, which was
generated by GNU Autoconf 2.64.  Invocation command line was

  $ ./configure --disable-option-checking --prefix=/usr/local/gdb-7.7 --with-system-zlib --enable-targets=all --enable-64-bit-bfd --program-transform-name=s,y,y, --build=x86_64-unknown-linux-gnu --host=x86_64-unknown-linux-gnu --target=x86_64-unknown-linux-gnu build_alias=x86_64-unknown-linux-gnu host_alias=x86_64-unknown-linux-gnu target_alias=x86_64-unknown-linux-gnu CC=gcc CFLAGS=-g -O2 LDFLAGS=-static-libstdc++ -static-libgcc  MAKEINFO=makeinfo --split-size=5000000 YACC=bison -y --cache-file=.././config.cache --srcdir=.

## --------- ##
## Platform. ##
## --------- ##

hostname = shihyu-MS-7758
uname -m = x86_64
uname -r = 3.11.0-12-generic
uname -s = Linux
uname -v = #19-Ubuntu SMP Wed Oct 9 16:20:46 UTC 2013

/usr/bin/uname -p = unknown
/bin/uname -X     = unknown

/bin/arch              = unknown
/usr/bin/arch -k       = unknown
/usr/convex/getsysinfo = unknown
/usr/bin/hostinfo      = unknown
/bin/machine           = unknown
/usr/bin/oslevel       = unknown
/bin/universe          = unknown

PATH: /usr/local/gdb-7.7/bin
PATH: /home/shihyu/.mybin/scitools/bin/linux64
PATH: /home/shihyu/data/arduino-1.0.5/
PATH: /usr/local/vim74/bin/
PATH: /opt/qemu_bin/bin
PATH: /home/shihyu/data/tq210_note/mkimage/
PATH: /home/shihyu/data/tq210_note/4.4.6/bin/
PATH: /home/shihyu/.mybin
PATH: /usr/lib/lightdm/lightdm
PATH: /usr/local/sbin
PATH: /usr/local/bin
PATH: /usr/sbin
PATH: /usr/bin
PATH: /sbin
PATH: /bin
PATH: /usr/games
PATH: /usr/local/games


## ----------- ##
## Core tests. ##
## ----------- ##

configure:2154: loading cache .././config.cache
configure:2242: checking whether to enable maintainer-specific portions of Makefiles
configure:2251: result: no
configure:2273: checking for x86_64-unknown-linux-gnu-gcc
configure:2300: result: gcc
configure:2569: checking for C compiler version
configure:2578: gcc --version >&5
gcc (Ubuntu/Linaro 4.7.3-7ubuntu3) 4.7.3
Copyright (C) 2012 Free Software Foundation, Inc.
This is free software; see the source for copying conditions.  There is NO
warranty; not even for MERCHANTABILITY or FITNESS FOR A PARTICULAR PURPOSE.

configure:2589: $? = 0
configure:2578: gcc -v >&5
Using built-in specs.
COLLECT_GCC=gcc
COLLECT_LTO_WRAPPER=/usr/lib/gcc/x86_64-linux-gnu/4.7/lto-wrapper
Target: x86_64-linux-gnu
Configured with: ../src/configure -v --with-pkgversion='Ubuntu/Linaro 4.7.3-7ubuntu3' --with-bugurl=file:///usr/share/doc/gcc-4.7/README.Bugs --enable-languages=c,c++,go,fortran,objc,obj-c++ --prefix=/usr --program-suffix=-4.7 --enable-shared --enable-linker-build-id --libexecdir=/usr/lib --without-included-gettext --enable-threads=posix --with-gxx-include-dir=/usr/include/c++/4.7 --libdir=/usr/lib --enable-nls --with-sysroot=/ --enable-clocale=gnu --enable-libstdcxx-debug --enable-gnu-unique-object --enable-plugin --with-system-zlib --enable-objc-gc --with-cloog --enable-cloog-backend=ppl --disable-cloog-version-check --disable-ppl-version-check --enable-multiarch --disable-werror --with-arch-32=i686 --with-abi=m64 --with-multilib-list=m32,m64,mx32 --with-tune=generic --enable-checking=release --build=x86_64-linux-gnu --host=x86_64-linux-gnu --target=x86_64-linux-gnu
Thread model: posix
gcc version 4.7.3 (Ubuntu/Linaro 4.7.3-7ubuntu3) 
configure:2589: $? = 0
configure:2578: gcc -V >&5
gcc: error: unrecognized command line option '-V'
gcc: fatal error: no input files
compilation terminated.
configure:2589: $? = 4
configure:2578: gcc -qversion >&5
gcc: error: unrecognized command line option '-qversion'
gcc: fatal error: no input files
compilation terminated.
configure:2589: $? = 4
configure:2609: checking for C compiler default output file name
configure:2631: gcc -g -O2  -static-libstdc++ -static-libgcc  conftest.c  >&5
configure:2635: $? = 0
configure:2672: result: a.out
configure:2688: checking whether the C compiler works
configure:2697: ./a.out
configure:2701: $? = 0
configure:2716: result: yes
configure:2723: checking whether we are cross compiling
configure:2725: result: no
configure:2728: checking for suffix of executables
configure:2735: gcc -o conftest -g -O2  -static-libstdc++ -static-libgcc  conftest.c  >&5
configure:2739: $? = 0
configure:2761: result: 
configure:2767: checking for suffix of object files
configure:2814: result: o
configure:2818: checking whether we are using the GNU C compiler
configure:2846: result: yes
configure:2855: checking whether gcc accepts -g
configure:2916: result: yes
configure:2933: checking for gcc option to accept ISO C89
configure:3010: result: none needed
configure:3036: checking how to run the C preprocessor
configure:3106: result: gcc -E
configure:3126: gcc -E  conftest.c
configure:3126: $? = 0
configure:3140: gcc -E  conftest.c
conftest.c:9:28: fatal error: ac_nonexistent.h: No such file or directory
compilation terminated.
configure:3140: $? = 1
configure: failed program was:
| /* confdefs.h */
| #define PACKAGE_NAME ""
| #define PACKAGE_TARNAME ""
| #define PACKAGE_VERSION ""
| #define PACKAGE_STRING ""
| #define PACKAGE_BUGREPORT ""
| #define PACKAGE_URL ""
| /* end confdefs.h.  */
| #include <ac_nonexistent.h>
configure:3169: checking for grep that handles long lines and -e
configure:3227: result: /bin/grep
configure:3232: checking for egrep
configure:3294: result: /bin/grep -E
configure:3299: checking for ANSI C header files
configure:3403: result: yes
configure:3416: checking for sys/types.h
configure:3416: result: yes
configure:3416: checking for sys/stat.h
configure:3416: result: yes
configure:3416: checking for stdlib.h
configure:3416: result: yes
configure:3416: checking for string.h
configure:3416: result: yes
configure:3416: checking for memory.h
configure:3416: result: yes
configure:3416: checking for strings.h
configure:3416: result: yes
configure:3416: checking for inttypes.h
configure:3416: result: yes
configure:3416: checking for stdint.h
configure:3416: result: yes
configure:3416: checking for unistd.h
configure:3416: result: yes
configure:3430: checking for minix/config.h
configure:3430: result: no
configure:3451: checking whether it is safe to define __EXTENSIONS__
configure:3476: result: yes
configure:3498: checking for special C compiler options needed for large files
configure:3543: result: no
configure:3549: checking for _FILE_OFFSET_BITS value needed for large files
configure:3606: result: no
configure:3717: checking build system type
configure:3731: result: x86_64-unknown-linux-gnu
configure:3751: checking host system type
configure:3764: result: x86_64-unknown-linux-gnu
configure:3784: checking target system type
configure:3797: result: x86_64-unknown-linux-gnu
configure:3839: checking for a BSD-compatible install
configure:3907: result: /usr/bin/install -c
configure:3921: checking for x86_64-unknown-linux-gnu-ranlib
configure:3948: result: ranlib
configure:4022: checking for ANSI C header files
configure:4126: result: yes
configure:4137: checking for working alloca.h
configure:4162: result: yes
configure:4170: checking for alloca
configure:4215: result: yes
configure:4432: checking dependency style of gcc
configure:4517: result: gcc3
configure:4531: checking for make
configure:4558: result: make
configure:4583: checking whether make sets $(MAKE)
configure:4605: result: yes
configure:4685: === configuring in build-gnulib-gdbserver (/home/shihyu/data/Qemu/gdb-7.7/gdb/gdbserver/build-gnulib-gdbserver)
configure:4707: running /bin/bash .././../gnulib/configure --disable-option-checking '--prefix=/usr/local/gdb-7.7'  '--with-system-zlib' '--enable-targets=all' '--enable-64-bit-bfd' '--program-transform-name=s,y,y,' '--build=x86_64-unknown-linux-gnu' '--host=x86_64-unknown-linux-gnu' '--target=x86_64-unknown-linux-gnu' 'build_alias=x86_64-unknown-linux-gnu' 'host_alias=x86_64-unknown-linux-gnu' 'target_alias=x86_64-unknown-linux-gnu' 'CC=gcc' 'CFLAGS=-g -O2' 'LDFLAGS=-static-libstdc++ -static-libgcc ' 'MAKEINFO=makeinfo --split-size=5000000' 'YACC=bison -y' --cache-file=.././config.cache --srcdir=.././../gnulib
configure:4720: checking for sgtty.h
configure:4720: result: yes
configure:4720: checking for termio.h
configure:4720: result: yes
configure:4720: checking for termios.h
configure:4720: result: yes
configure:4720: checking for sys/reg.h
configure:4720: result: yes
configure:4720: checking for string.h
configure:4720: result: yes
configure:4720: checking for proc_service.h
configure:4720: result: no
configure:4720: checking for sys/procfs.h
configure:4720: result: yes
configure:4720: checking linux/elf.h usability
configure:4720: gcc -c -g -O2  conftest.c >&5
configure:4720: $? = 0
configure:4720: result: yes
configure:4720: checking linux/elf.h presence
configure:4720: gcc -E  conftest.c
configure:4720: $? = 0
configure:4720: result: yes
configure:4720: checking for linux/elf.h
configure:4720: result: yes
configure:4720: checking errno.h usability
configure:4720: gcc -c -g -O2  conftest.c >&5
configure:4720: $? = 0
configure:4720: result: yes
configure:4720: checking errno.h presence
configure:4720: gcc -E  conftest.c
configure:4720: $? = 0
configure:4720: result: yes
configure:4720: checking for errno.h
configure:4720: result: yes
configure:4720: checking fcntl.h usability
configure:4720: gcc -c -g -O2  conftest.c >&5
configure:4720: $? = 0
configure:4720: result: yes
configure:4720: checking fcntl.h presence
configure:4720: gcc -E  conftest.c
configure:4720: $? = 0
configure:4720: result: yes
configure:4720: checking for fcntl.h
configure:4720: result: yes
configure:4720: checking for signal.h
configure:4720: result: yes
configure:4720: checking for sys/file.h
configure:4720: result: yes
configure:4720: checking malloc.h usability
configure:4720: gcc -c -g -O2  conftest.c >&5
configure:4720: $? = 0
configure:4720: result: yes
configure:4720: checking malloc.h presence
configure:4720: gcc -E  conftest.c
configure:4720: $? = 0
configure:4720: result: yes
configure:4720: checking for malloc.h
configure:4720: result: yes
configure:4720: checking for sys/ioctl.h
configure:4720: result: yes
configure:4720: checking netinet/in.h usability
configure:4720: gcc -c -g -O2  conftest.c >&5
configure:4720: $? = 0
configure:4720: result: yes
configure:4720: checking netinet/in.h presence
configure:4720: gcc -E  conftest.c
configure:4720: $? = 0
configure:4720: result: yes
configure:4720: checking for netinet/in.h
configure:4720: result: yes
configure:4720: checking for sys/socket.h
configure:4720: result: yes
configure:4720: checking netdb.h usability
configure:4720: gcc -c -g -O2  conftest.c >&5
configure:4720: $? = 0
configure:4720: result: yes
configure:4720: checking netdb.h presence
configure:4720: gcc -E  conftest.c
configure:4720: $? = 0
configure:4720: result: yes
configure:4720: checking for netdb.h
configure:4720: result: yes
configure:4720: checking netinet/tcp.h usability
configure:4720: gcc -c -g -O2  conftest.c >&5
configure:4720: $? = 0
configure:4720: result: yes
configure:4720: checking netinet/tcp.h presence
configure:4720: gcc -E  conftest.c
configure:4720: $? = 0
configure:4720: result: yes
configure:4720: checking for netinet/tcp.h
configure:4720: result: yes
configure:4720: checking arpa/inet.h usability
configure:4720: gcc -c -g -O2  conftest.c >&5
configure:4720: $? = 0
configure:4720: result: yes
configure:4720: checking arpa/inet.h presence
configure:4720: gcc -E  conftest.c
configure:4720: $? = 0
configure:4720: result: yes
configure:4720: checking for arpa/inet.h
configure:4720: result: yes
configure:4734: checking for pread
configure:4734: result: yes
configure:4734: checking for pwrite
configure:4734: result: yes
configure:4734: checking for pread64
configure:4734: result: yes
configure:4734: checking for readlink
configure:4734: result: yes
configure:4747: checking for vasprintf
configure:4747: gcc -o conftest -g -O2  -static-libstdc++ -static-libgcc  conftest.c  >&5
configure:4747: $? = 0
configure:4747: result: yes
configure:4747: checking for vsnprintf
configure:4747: gcc -o conftest -g -O2  -static-libstdc++ -static-libgcc  conftest.c  >&5
conftest.c:73:6: warning: conflicting types for built-in function 'vsnprintf' [enabled by default]
configure:4747: $? = 0
configure:4747: result: yes
configure:4767: checking for ANSI C header files
configure:4871: result: yes
configure:4881: checking for working alloca.h
configure:4906: result: yes
configure:4914: checking for alloca
configure:4959: result: yes
configure:5071: checking for nl_langinfo and CODESET
configure:5096: result: yes
configure:5108: checking for linux/perf_event.h
configure:5108: result: yes
configure:5108: checking for locale.h
configure:5108: result: yes
configure:5108: checking for memory.h
configure:5108: result: yes
configure:5108: checking for signal.h
configure:5108: result: yes
configure:5108: checking for sys/resource.h
configure:5108: result: yes
configure:5108: checking for sys/socket.h
configure:5108: result: yes
configure:5108: checking for sys/syscall.h
configure:5108: result: yes
configure:5108: checking for sys/un.h
configure:5108: result: yes
configure:5108: checking for sys/wait.h
configure:5108: result: yes
configure:5108: checking for thread_db.h
configure:5108: result: yes
configure:5108: checking for wait.h
configure:5108: result: yes
configure:5123: checking for fdwalk
configure:5123: result: no
configure:5123: checking for getrlimit
configure:5123: result: yes
configure:5123: checking for pipe
configure:5123: result: yes
configure:5123: checking for pipe2
configure:5123: result: yes
configure:5123: checking for socketpair
configure:5123: result: yes
configure:5134: checking whether strerror is declared
configure:5134: result: yes
configure:5144: checking whether strstr is declared
configure:5144: result: yes
configure:5204: checking for ust
configure:5220: gcc -c -g -O2   conftest.c >&5
conftest.c:74:21: fatal error: ust/ust.h: No such file or directory
compilation terminated.
configure:5220: $? = 1
configure: failed program was:
| /* confdefs.h */
| #define PACKAGE_NAME ""
| #define PACKAGE_TARNAME ""
| #define PACKAGE_VERSION ""
| #define PACKAGE_STRING ""
| #define PACKAGE_BUGREPORT ""
| #define PACKAGE_URL ""
| #define STDC_HEADERS 1
| #define HAVE_SYS_TYPES_H 1
| #define HAVE_SYS_STAT_H 1
| #define HAVE_STDLIB_H 1
| #define HAVE_STRING_H 1
| #define HAVE_MEMORY_H 1
| #define HAVE_STRINGS_H 1
| #define HAVE_INTTYPES_H 1
| #define HAVE_STDINT_H 1
| #define HAVE_UNISTD_H 1
| #define __EXTENSIONS__ 1
| #define _ALL_SOURCE 1
| #define _GNU_SOURCE 1
| #define _POSIX_PTHREAD_SEMANTICS 1
| #define _TANDEM_SOURCE 1
| #define STDC_HEADERS 1
| #define HAVE_ALLOCA_H 1
| #define HAVE_ALLOCA 1
| #define HAVE_SGTTY_H 1
| #define HAVE_TERMIO_H 1
| #define HAVE_TERMIOS_H 1
| #define HAVE_SYS_REG_H 1
| #define HAVE_STRING_H 1
| #define HAVE_SYS_PROCFS_H 1
| #define HAVE_LINUX_ELF_H 1
| #define HAVE_ERRNO_H 1
| #define HAVE_FCNTL_H 1
| #define HAVE_SIGNAL_H 1
| #define HAVE_SYS_FILE_H 1
| #define HAVE_MALLOC_H 1
| #define HAVE_SYS_IOCTL_H 1
| #define HAVE_NETINET_IN_H 1
| #define HAVE_SYS_SOCKET_H 1
| #define HAVE_NETDB_H 1
| #define HAVE_NETINET_TCP_H 1
| #define HAVE_ARPA_INET_H 1
| #define HAVE_PREAD 1
| #define HAVE_PWRITE 1
| #define HAVE_PREAD64 1
| #define HAVE_READLINK 1
| #define HAVE_VASPRINTF 1
| #define HAVE_VSNPRINTF 1
| #define STDC_HEADERS 1
| #define HAVE_ALLOCA_H 1
| #define HAVE_ALLOCA 1
| #define HAVE_LANGINFO_CODESET 1
| #define HAVE_LINUX_PERF_EVENT_H 1
| #define HAVE_LOCALE_H 1
| #define HAVE_MEMORY_H 1
| #define HAVE_SIGNAL_H 1
| #define HAVE_SYS_RESOURCE_H 1
| #define HAVE_SYS_SOCKET_H 1
| #define HAVE_SYS_SYSCALL_H 1
| #define HAVE_SYS_UN_H 1
| #define HAVE_SYS_WAIT_H 1
| #define HAVE_THREAD_DB_H 1
| #define HAVE_WAIT_H 1
| #define HAVE_GETRLIMIT 1
| #define HAVE_PIPE 1
| #define HAVE_PIPE2 1
| #define HAVE_SOCKETPAIR 1
| #define HAVE_DECL_STRERROR 1
| #define HAVE_DECL_STRSTR 1
| /* end confdefs.h.  */
| 
| #define CONFIG_UST_GDB_INTEGRATION
| #include <ust/ust.h>
| 
| int
| main ()
| {
| 
|   ;
|   return 0;
| }
configure:5226: result: no
configure:5263: checking compiler warning flags
configure:5284: gcc -c -g -O2 -Wall  conftest.c >&5
configure:5284: $? = 0
configure:5284: gcc -c -g -O2 -Wdeclaration-after-statement  conftest.c >&5
configure:5284: $? = 0
configure:5284: gcc -c -g -O2 -Wpointer-arith  conftest.c >&5
configure:5284: $? = 0
configure:5284: gcc -c -g -O2 -Wformat-nonliteral  conftest.c >&5
configure:5284: $? = 0
configure:5284: gcc -c -g -O2 -Wno-char-subscripts  conftest.c >&5
configure:5284: $? = 0
configure:5284: gcc -c -g -O2 -Wempty-body  conftest.c >&5
configure:5284: $? = 0
configure:5291: result:  -Wall -Wdeclaration-after-statement -Wpointer-arith -Wformat-nonliteral -Wno-char-subscripts -Wempty-body -Werror
configure:5301: checking for dladdr
configure:5301: gcc -o conftest -g -O2  -static-libstdc++ -static-libgcc  conftest.c  -ldl >&5
configure:5301: $? = 0
configure:5301: result: yes
configure:5312: checking whether strerror is declared
configure:5312: result: yes
configure:5322: checking whether perror is declared
configure:5322: gcc -c -g -O2  conftest.c >&5
configure:5322: $? = 0
configure:5322: result: yes
configure:5332: checking whether vasprintf is declared
configure:5332: gcc -c -g -O2  conftest.c >&5
configure:5332: $? = 0
configure:5332: result: yes
configure:5342: checking whether vsnprintf is declared
configure:5342: gcc -c -g -O2  conftest.c >&5
configure:5342: $? = 0
configure:5342: result: yes
configure:5354: checking for socklen_t
configure:5354: result: yes
configure:5368: checking for Elf32_auxv_t
configure:5368: gcc -c -g -O2  conftest.c >&5
configure:5368: $? = 0
configure:5368: gcc -c -g -O2  conftest.c >&5
conftest.c: In function 'main':
conftest.c:84:27: error: expected expression before ')' token
configure:5368: $? = 1
configure: failed program was:
| /* confdefs.h */
| #define PACKAGE_NAME ""
| #define PACKAGE_TARNAME ""
| #define PACKAGE_VERSION ""
| #define PACKAGE_STRING ""
| #define PACKAGE_BUGREPORT ""
| #define PACKAGE_URL ""
| #define STDC_HEADERS 1
| #define HAVE_SYS_TYPES_H 1
| #define HAVE_SYS_STAT_H 1
| #define HAVE_STDLIB_H 1
| #define HAVE_STRING_H 1
| #define HAVE_MEMORY_H 1
| #define HAVE_STRINGS_H 1
| #define HAVE_INTTYPES_H 1
| #define HAVE_STDINT_H 1
| #define HAVE_UNISTD_H 1
| #define __EXTENSIONS__ 1
| #define _ALL_SOURCE 1
| #define _GNU_SOURCE 1
| #define _POSIX_PTHREAD_SEMANTICS 1
| #define _TANDEM_SOURCE 1
| #define STDC_HEADERS 1
| #define HAVE_ALLOCA_H 1
| #define HAVE_ALLOCA 1
| #define HAVE_SGTTY_H 1
| #define HAVE_TERMIO_H 1
| #define HAVE_TERMIOS_H 1
| #define HAVE_SYS_REG_H 1
| #define HAVE_STRING_H 1
| #define HAVE_SYS_PROCFS_H 1
| #define HAVE_LINUX_ELF_H 1
| #define HAVE_ERRNO_H 1
| #define HAVE_FCNTL_H 1
| #define HAVE_SIGNAL_H 1
| #define HAVE_SYS_FILE_H 1
| #define HAVE_MALLOC_H 1
| #define HAVE_SYS_IOCTL_H 1
| #define HAVE_NETINET_IN_H 1
| #define HAVE_SYS_SOCKET_H 1
| #define HAVE_NETDB_H 1
| #define HAVE_NETINET_TCP_H 1
| #define HAVE_ARPA_INET_H 1
| #define HAVE_PREAD 1
| #define HAVE_PWRITE 1
| #define HAVE_PREAD64 1
| #define HAVE_READLINK 1
| #define HAVE_VASPRINTF 1
| #define HAVE_VSNPRINTF 1
| #define STDC_HEADERS 1
| #define HAVE_ALLOCA_H 1
| #define HAVE_ALLOCA 1
| #define HAVE_LANGINFO_CODESET 1
| #define HAVE_LINUX_PERF_EVENT_H 1
| #define HAVE_LOCALE_H 1
| #define HAVE_MEMORY_H 1
| #define HAVE_SIGNAL_H 1
| #define HAVE_SYS_RESOURCE_H 1
| #define HAVE_SYS_SOCKET_H 1
| #define HAVE_SYS_SYSCALL_H 1
| #define HAVE_SYS_UN_H 1
| #define HAVE_SYS_WAIT_H 1
| #define HAVE_THREAD_DB_H 1
| #define HAVE_WAIT_H 1
| #define HAVE_GETRLIMIT 1
| #define HAVE_PIPE 1
| #define HAVE_PIPE2 1
| #define HAVE_SOCKETPAIR 1
| #define HAVE_DECL_STRERROR 1
| #define HAVE_DECL_STRSTR 1
| #define HAVE_DLADDR 1
| #define HAVE_DECL_STRERROR 1
| #define HAVE_DECL_PERROR 1
| #define HAVE_DECL_VASPRINTF 1
| #define HAVE_DECL_VSNPRINTF 1
| #define HAVE_SOCKLEN_T 1
| /* end confdefs.h.  */
| #include <elf.h>
| 
| 
| int
| main ()
| {
| if (sizeof ((Elf32_auxv_t)))
| 	    return 0;
|   ;
|   return 0;
| }
configure:5368: result: yes
configure:5379: checking for Elf64_auxv_t
configure:5379: gcc -c -g -O2  conftest.c >&5
configure:5379: $? = 0
configure:5379: gcc -c -g -O2  conftest.c >&5
conftest.c: In function 'main':
conftest.c:85:27: error: expected expression before ')' token
configure:5379: $? = 1
configure: failed program was:
| /* confdefs.h */
| #define PACKAGE_NAME ""
| #define PACKAGE_TARNAME ""
| #define PACKAGE_VERSION ""
| #define PACKAGE_STRING ""
| #define PACKAGE_BUGREPORT ""
| #define PACKAGE_URL ""
| #define STDC_HEADERS 1
| #define HAVE_SYS_TYPES_H 1
| #define HAVE_SYS_STAT_H 1
| #define HAVE_STDLIB_H 1
| #define HAVE_STRING_H 1
| #define HAVE_MEMORY_H 1
| #define HAVE_STRINGS_H 1
| #define HAVE_INTTYPES_H 1
| #define HAVE_STDINT_H 1
| #define HAVE_UNISTD_H 1
| #define __EXTENSIONS__ 1
| #define _ALL_SOURCE 1
| #define _GNU_SOURCE 1
| #define _POSIX_PTHREAD_SEMANTICS 1
| #define _TANDEM_SOURCE 1
| #define STDC_HEADERS 1
| #define HAVE_ALLOCA_H 1
| #define HAVE_ALLOCA 1
| #define HAVE_SGTTY_H 1
| #define HAVE_TERMIO_H 1
| #define HAVE_TERMIOS_H 1
| #define HAVE_SYS_REG_H 1
| #define HAVE_STRING_H 1
| #define HAVE_SYS_PROCFS_H 1
| #define HAVE_LINUX_ELF_H 1
| #define HAVE_ERRNO_H 1
| #define HAVE_FCNTL_H 1
| #define HAVE_SIGNAL_H 1
| #define HAVE_SYS_FILE_H 1
| #define HAVE_MALLOC_H 1
| #define HAVE_SYS_IOCTL_H 1
| #define HAVE_NETINET_IN_H 1
| #define HAVE_SYS_SOCKET_H 1
| #define HAVE_NETDB_H 1
| #define HAVE_NETINET_TCP_H 1
| #define HAVE_ARPA_INET_H 1
| #define HAVE_PREAD 1
| #define HAVE_PWRITE 1
| #define HAVE_PREAD64 1
| #define HAVE_READLINK 1
| #define HAVE_VASPRINTF 1
| #define HAVE_VSNPRINTF 1
| #define STDC_HEADERS 1
| #define HAVE_ALLOCA_H 1
| #define HAVE_ALLOCA 1
| #define HAVE_LANGINFO_CODESET 1
| #define HAVE_LINUX_PERF_EVENT_H 1
| #define HAVE_LOCALE_H 1
| #define HAVE_MEMORY_H 1
| #define HAVE_SIGNAL_H 1
| #define HAVE_SYS_RESOURCE_H 1
| #define HAVE_SYS_SOCKET_H 1
| #define HAVE_SYS_SYSCALL_H 1
| #define HAVE_SYS_UN_H 1
| #define HAVE_SYS_WAIT_H 1
| #define HAVE_THREAD_DB_H 1
| #define HAVE_WAIT_H 1
| #define HAVE_GETRLIMIT 1
| #define HAVE_PIPE 1
| #define HAVE_PIPE2 1
| #define HAVE_SOCKETPAIR 1
| #define HAVE_DECL_STRERROR 1
| #define HAVE_DECL_STRSTR 1
| #define HAVE_DLADDR 1
| #define HAVE_DECL_STRERROR 1
| #define HAVE_DECL_PERROR 1
| #define HAVE_DECL_VASPRINTF 1
| #define HAVE_DECL_VSNPRINTF 1
| #define HAVE_SOCKLEN_T 1
| #define HAVE_ELF32_AUXV_T 1
| /* end confdefs.h.  */
| #include <elf.h>
| 
| 
| int
| main ()
| {
| if (sizeof ((Elf64_auxv_t)))
| 	    return 0;
|   ;
|   return 0;
| }
configure:5379: result: yes
configure:5540: checking for PTRACE_GETREGS
configure:5556: gcc -c -g -O2  conftest.c >&5
configure:5556: $? = 0
configure:5564: result: yes
configure:5572: checking for PTRACE_GETFPXREGS
configure:5588: gcc -c -g -O2  conftest.c >&5
configure:5588: $? = 0
configure:5596: result: yes
configure:5612: checking for lwpid_t in sys/procfs.h
configure:5646: result: yes
configure:5649: checking for psaddr_t in sys/procfs.h
configure:5683: result: yes
configure:5686: checking for prgregset_t in sys/procfs.h
configure:5720: result: yes
configure:5723: checking for elf_fpregset_t in sys/procfs.h
configure:5743: gcc -c -g -O2  conftest.c >&5
configure:5743: $? = 0
configure:5757: result: yes
configure:5837: checking for dlopen in -ldl
configure:5862: gcc -o conftest -g -O2  -static-libstdc++ -static-libgcc  conftest.c -ldl   >&5
configure:5862: $? = 0
configure:5871: result: yes
configure:5890: checking for the dynamic export flag
configure:5908: gcc -o conftest -g -O2  -static-libstdc++ -static-libgcc  -Wl,--dynamic-list=./proc-service.list conftest.c  >&5
configure:5908: $? = 0
configure:5938: result: -Wl,--dynamic-list
configure:5948: checking for TD_VERSION
configure:5964: gcc -c -g -O2  conftest.c >&5
configure:5964: $? = 0
configure:5971: result: yes
configure:6011: checking whether the target supports __sync_*_compare_and_swap
configure:6028: gcc -o conftest -g -O2  -static-libstdc++ -static-libgcc  conftest.c  >&5
configure:6028: $? = 0
configure:6036: result: yes
configure:6057: gcc -c -g -O2 -fvisibility=hidden  conftest.c >&5
configure:6057: $? = 0
configure:6065: checking whether ADDR_NO_RANDOMIZE is declared
configure:6065: result: yes
configure:6123: gcc -o conftest -g -O2  -static-libstdc++ -static-libgcc  conftest.c  >&5
configure:6123: $? = 0
configure:6123: ./conftest
configure:6123: $? = 0
configure:6257: updating cache .././config.cache
configure:6302: creating ./config.status

## ---------------------- ##
## Running config.status. ##
## ---------------------- ##

This file was extended by config.status, which was
generated by GNU Autoconf 2.64.  Invocation command line was

  CONFIG_FILES    = 
  CONFIG_HEADERS  = 
  CONFIG_LINKS    = 
  CONFIG_COMMANDS = 
  $ ./config.status 

on shihyu-MS-7758

config.status:938: creating Makefile
config.status:938: creating config.h
config.status:1118: executing depdir commands
config.status:1118: executing default commands

## ---------------- ##
## Cache variables. ##
## ---------------- ##

ac_cv_build=x86_64-unknown-linux-gnu
ac_cv_c_bigendian=no
ac_cv_c_compiler_gnu=yes
ac_cv_c_const=yes
ac_cv_c_inline=inline
ac_cv_env_CC_set=set
ac_cv_env_CC_value=gcc
ac_cv_env_CFLAGS_set=set
ac_cv_env_CFLAGS_value='-g -O2'
ac_cv_env_CPPFLAGS_set=
ac_cv_env_CPPFLAGS_value=
ac_cv_env_CPP_set=
ac_cv_env_CPP_value=
ac_cv_env_LDFLAGS_set=set
ac_cv_env_LDFLAGS_value='-static-libstdc++ -static-libgcc '
ac_cv_env_LIBS_set=
ac_cv_env_LIBS_value=
ac_cv_env_MAKEINFOFLAGS_set=
ac_cv_env_MAKEINFOFLAGS_value=
ac_cv_env_MAKEINFO_set=set
ac_cv_env_MAKEINFO_value='makeinfo --split-size=5000000'
ac_cv_env_XMKMF_set=
ac_cv_env_XMKMF_value=
ac_cv_env_YACC_set=set
ac_cv_env_YACC_value='bison -y'
ac_cv_env_YFLAGS_set=
ac_cv_env_YFLAGS_value=
ac_cv_env_build_alias_set=set
ac_cv_env_build_alias_value=x86_64-unknown-linux-gnu
ac_cv_env_host_alias_set=set
ac_cv_env_host_alias_value=x86_64-unknown-linux-gnu
ac_cv_env_target_alias_set=set
ac_cv_env_target_alias_value=x86_64-unknown-linux-gnu
ac_cv_func_XML_StopParser=yes
ac_cv_func__mcleanup=yes
ac_cv_func_alloca_works=yes
ac_cv_func_btowc=yes
ac_cv_func_canonicalize_file_name=yes
ac_cv_func_dladdr=yes
ac_cv_func_fdwalk=no
ac_cv_func_fork=yes
ac_cv_func_fork_works=yes
ac_cv_func_getgid=yes
ac_cv_func_getpagesize=yes
ac_cv_func_getrlimit=yes
ac_cv_func_getrusage=yes
ac_cv_func_getuid=yes
ac_cv_func_iconvlist=no
ac_cv_func_libiconvlist=no
ac_cv_func_lstat=yes
ac_cv_func_mmap_fixed_mapped=yes
ac_cv_func_monstartup=yes
ac_cv_func_pipe2=yes
ac_cv_func_pipe=yes
ac_cv_func_poll=yes
ac_cv_func_posix_madvise=yes
ac_cv_func_pread64=yes
ac_cv_func_pread=yes
ac_cv_func_ptrace64=no
ac_cv_func_pwrite=yes
ac_cv_func_readlink=yes
ac_cv_func_realpath=yes
ac_cv_func_resize_term=yes
ac_cv_func_sbrk=yes
ac_cv_func_setlocale=yes
ac_cv_func_setpgid=yes
ac_cv_func_setpgrp=yes
ac_cv_func_setpgrp_void=yes
ac_cv_func_setrlimit=yes
ac_cv_func_setsid=yes
ac_cv_func_sigaction=yes
ac_cv_func_sigprocmask=yes
ac_cv_func_sigsetmask=yes
ac_cv_func_socketpair=yes
ac_cv_func_syscall=yes
ac_cv_func_ttrace=no
ac_cv_func_vasprintf=yes
ac_cv_func_vfork=yes
ac_cv_func_vfork_works=yes
ac_cv_func_vsnprintf=yes
ac_cv_func_waitpid=yes
ac_cv_func_wborder=yes
ac_cv_func_wctype=yes
ac_cv_func_wresize=yes
ac_cv_have_decl_ADDR_NO_RANDOMIZE=yes
ac_cv_have_decl_free=yes
ac_cv_have_decl_malloc=yes
ac_cv_have_decl_perror=yes
ac_cv_have_decl_ptrace=yes
ac_cv_have_decl_realloc=yes
ac_cv_have_decl_snprintf=yes
ac_cv_have_decl_strerror=yes
ac_cv_have_decl_strstr=yes
ac_cv_have_decl_vasprintf=yes
ac_cv_have_decl_vsnprintf=yes
ac_cv_have_x='have_x=yes	ac_x_includes='\'''\''	ac_x_libraries='\'''\'''
ac_cv_header_arpa_inet_h=yes
ac_cv_header_cursesX_h=no
ac_cv_header_curses_h=yes
ac_cv_header_dlfcn_h=yes
ac_cv_header_elf_hp_h=no
ac_cv_header_errno_h=yes
ac_cv_header_fcntl_h=yes
ac_cv_header_inttypes_h=yes
ac_cv_header_libunwind_ia64_h=no
ac_cv_header_linux_elf_h=yes
ac_cv_header_linux_perf_event_h=yes
ac_cv_header_locale_h=yes
ac_cv_header_machine_reg_h=no
ac_cv_header_malloc_h=yes
ac_cv_header_memory_h=yes
ac_cv_header_minix_config_h=no
ac_cv_header_ncurses_h=yes
ac_cv_header_ncurses_ncurses_h=no
ac_cv_header_ncurses_term_h=no
ac_cv_header_netdb_h=yes
ac_cv_header_netinet_in_h=yes
ac_cv_header_netinet_tcp_h=yes
ac_cv_header_nlist_h=no
ac_cv_header_poll_h=yes
ac_cv_header_proc_service_h=no
ac_cv_header_pthread_h=yes
ac_cv_header_ptrace_h=no
ac_cv_header_sgtty_h=yes
ac_cv_header_signal_h=yes
ac_cv_header_stdc=yes
ac_cv_header_stdint_h=yes
ac_cv_header_stdlib_h=yes
ac_cv_header_string_h=yes
ac_cv_header_strings_h=yes
ac_cv_header_sys_debugreg_h=yes
ac_cv_header_sys_fault_h=no
ac_cv_header_sys_file_h=yes
ac_cv_header_sys_filio_h=no
ac_cv_header_sys_ioctl_h=yes
ac_cv_header_sys_param_h=yes
ac_cv_header_sys_poll_h=yes
ac_cv_header_sys_proc_h=no
ac_cv_header_sys_procfs_h=yes
ac_cv_header_sys_ptrace_h=yes
ac_cv_header_sys_reg_h=yes
ac_cv_header_sys_resource_h=yes
ac_cv_header_sys_select_h=yes
ac_cv_header_sys_socket_h=yes
ac_cv_header_sys_stat_h=yes
ac_cv_header_sys_syscall_h=yes
ac_cv_header_sys_types_h=yes
ac_cv_header_sys_un_h=yes
ac_cv_header_sys_user_h=yes
ac_cv_header_sys_wait_h=yes
ac_cv_header_term_h=yes
ac_cv_header_termio_h=yes
ac_cv_header_termios_h=yes
ac_cv_header_thread_db_h=yes
ac_cv_header_unistd_h=yes
ac_cv_header_vfork_h=no
ac_cv_header_wait_h=yes
ac_cv_header_zlib_h=yes
ac_cv_host=x86_64-unknown-linux-gnu
ac_cv_lib_dl_dlopen=yes
ac_cv_lib_m_main=yes
ac_cv_libbabeltrace=no
ac_cv_libexpat=yes
ac_cv_liblzma=yes
ac_cv_member_struct_reg_r_fs=no
ac_cv_member_struct_reg_r_gs=no
ac_cv_member_struct_stat_st_blksize=yes
ac_cv_member_struct_stat_st_blocks=yes
ac_cv_member_struct_thread_td_pcb=no
ac_cv_member_struct_user_regs_struct_fs_base=yes
ac_cv_member_struct_user_regs_struct_gs_base=yes
ac_cv_objext=o
ac_cv_path_EGREP='/bin/grep -E'
ac_cv_path_GREP=/bin/grep
ac_cv_path_python_prog_path=/usr/bin/python
ac_cv_prog_AR=ar
ac_cv_prog_AWK=gawk
ac_cv_prog_CC=gcc
ac_cv_prog_CPP='gcc -E'
ac_cv_prog_DLLTOOL=dlltool
ac_cv_prog_MAKE=make
ac_cv_prog_RANLIB=ranlib
ac_cv_prog_WINDRES=windres
ac_cv_prog_YACC='bison -y'
ac_cv_prog_cc_c89=
ac_cv_prog_cc_g=yes
ac_cv_prog_make_make_set=yes
ac_cv_safe_to_define___extensions__=yes
ac_cv_search_dlgetmodinfo=no
ac_cv_search_dlopen=-ldl
ac_cv_search_gethostbyname='none required'
ac_cv_search_socketpair='none required'
ac_cv_search_tgetent='none required'
ac_cv_search_waddstr=-lncurses
ac_cv_search_zlibVersion=-lz
ac_cv_sizeof_unsigned___int128=16
ac_cv_sizeof_unsigned_long=8
ac_cv_sizeof_unsigned_long_long=8
ac_cv_sys_file_offset_bits=no
ac_cv_sys_largefile_CC=no
ac_cv_target=x86_64-unknown-linux-gnu
ac_cv_type_Elf32_auxv_t=yes
ac_cv_type_Elf64_auxv_t=yes
ac_cv_type_pid_t=yes
ac_cv_type_signal=void
ac_cv_type_socklen_t=yes
ac_cv_var__etext=yes
ac_cv_var_etext=yes
ac_cv_working_alloca_h=yes
acl_cv_hardcode_direct=no
acl_cv_hardcode_libdir_flag_spec='${wl}-rpath ${wl}$libdir'
acl_cv_hardcode_libdir_separator=
acl_cv_hardcode_minus_L=no
acl_cv_libext=a
acl_cv_path_LD=ld
acl_cv_prog_gnu_ld=yes
acl_cv_rpath=done
acl_cv_shlibext=so
acl_cv_wl=-Wl,
am_cv_CC_dependencies_compiler_type=gcc3
am_cv_build_libiconv_path=
am_cv_func_iconv=yes
am_cv_langinfo_codeset=yes
am_cv_lib_iconv=no
am_cv_prog_cc_stdc=
am_cv_proto_iconv='extern size_t iconv (iconv_t cd, char * *inbuf, size_t *inbytesleft, char * *outbuf, size_t *outbytesleft);'
am_cv_proto_iconv_arg1=
am_cv_use_build_libiconv=no
am_cv_val_LC_MESSAGES=yes
bfd_cv_have_sys_procfs_type_elf_fpregset_t=yes
bfd_cv_have_sys_procfs_type_fpregset_t=no
bfd_cv_have_sys_procfs_type_gregset_t=no
bfd_cv_have_sys_procfs_type_lwpid_t=yes
bfd_cv_have_sys_procfs_type_pr_sigaction64_t=no
bfd_cv_have_sys_procfs_type_pr_siginfo64_t=no
bfd_cv_have_sys_procfs_type_pr_sigset_t=no
bfd_cv_have_sys_procfs_type_prfpregset_t=yes
bfd_cv_have_sys_procfs_type_prgregset32_t=no
bfd_cv_have_sys_procfs_type_prgregset_t=yes
bfd_cv_have_sys_procfs_type_prsysent_t=no
bfd_cv_have_sys_procfs_type_psaddr_t=yes
gdb_cv_c_long_double=yes
gdb_cv_c_long_long=yes
gdb_cv_func_ptrace_args=int,int,long,long
gdb_cv_func_ptrace_ret=long
gdb_cv_func_sigsetjmp=yes
gdb_cv_have_gnu_regex=yes
gdb_cv_have_makeinfo_click=yes
gdb_cv_have_pt_getdbregs=no
gdb_cv_have_pt_getxmmregs=no
gdb_cv_have_ptrace_getfpxregs=yes
gdb_cv_have_ptrace_getregs=yes
gdb_cv_os_cygwin=no
gdb_cv_prfpregset_t_broken=no
gdb_cv_printf_has_decfloat=no
gdb_cv_printf_has_long_double=yes
gdb_cv_printf_has_long_long=yes
gdb_cv_scanf_has_long_double=yes
gdb_cv_struct_lwp=no
gdb_cv_struct_reg=no
gdb_cv_sys_syscall_h_has_tkill=yes
gdb_cv_thread_db_h_has_td_notalloc=yes
gdb_cv_thread_db_h_has_td_notls=yes
gdb_cv_thread_db_h_has_td_version=yes
gdb_cv_var_elf=yes
gdb_cv_var_macho=yes
gdb_cv_var_som=yes
gdbsrv_cv_have_personality=true
gdbsrv_cv_have_ptrace_getfpxregs=yes
gdbsrv_cv_have_ptrace_getregs=yes
gdbsrv_cv_have_sync_builtins=yes
gdbsrv_cv_have_td_version=yes
gdbsrv_cv_have_visibility_hidden=yes

## ----------------- ##
## Output variables. ##
## ----------------- ##

ALLOCA=''
CC='gcc'
CCDEPMODE='depmode=gcc3'
CFLAGS='-g -O2'
CPP='gcc -E'
CPPFLAGS=''
DEFS='-DHAVE_CONFIG_H'
DEPDIR='.deps'
ECHO_C=''
ECHO_N='-n'
ECHO_T=''
EGREP='/bin/grep -E'
EXEEXT=''
GDBSERVER_DEPFILES='amd64-linux.o amd64-avx-linux.o amd64-mpx-linux.o x32-linux.o x32-avx-linux.o i386-linux.o i386-avx-linux.o i386-mpx-linux.o i386-mmx-linux.o linux-low.o linux-osdata.o linux-procfs.o linux-ptrace.o linux-waitpid.o linux-x86-low.o i386-low.o i387-fp.o linux-btrace.o hostio-errno.o thread-db.o proc-service.o'
GDBSERVER_LIBS='-ldl'
GMAKE_FALSE='#'
GMAKE_TRUE=''
GNULIB_STDINT_H=''
GREP='/bin/grep'
INSTALL_DATA='/usr/bin/install -c -m 644'
INSTALL_PROGRAM='/usr/bin/install -c'
INSTALL_SCRIPT='/usr/bin/install -c'
IPA_DEPFILES='amd64-linux-ipa.o linux-amd64-ipa.o'
LDFLAGS='-static-libstdc++ -static-libgcc '
LIBOBJS=''
LIBS=''
LTLIBOBJS=''
MAINT='#'
MAINTAINER_MODE_FALSE=''
MAINTAINER_MODE_TRUE='#'
MAKE='make'
OBJEXT='o'
PACKAGE_BUGREPORT=''
PACKAGE_NAME=''
PACKAGE_STRING=''
PACKAGE_TARNAME=''
PACKAGE_URL=''
PACKAGE_VERSION=''
PATH_SEPARATOR=':'
PKGVERSION='(GDB) '
RANLIB='ranlib'
RDYNAMIC='-Wl,--dynamic-list=$(srcdir)/proc-service.list'
REPORT_BUGS_TEXI='@uref{http://www.gnu.org/software/gdb/bugs/}'
REPORT_BUGS_TO='<http://www.gnu.org/software/gdb/bugs/>'
SET_MAKE=''
SHELL='/bin/bash'
WARN_CFLAGS=' -Wall -Wdeclaration-after-statement -Wpointer-arith -Wformat-nonliteral -Wno-char-subscripts -Wempty-body'
WERROR_CFLAGS='-Werror'
ac_ct_CC=''
am__leading_dot='.'
bindir='${exec_prefix}/bin'
build='x86_64-unknown-linux-gnu'
build_alias='x86_64-unknown-linux-gnu'
build_cpu='x86_64'
build_os='linux-gnu'
build_vendor='unknown'
datadir='${datarootdir}'
datarootdir='${prefix}/share'
docdir='${datarootdir}/doc/${PACKAGE}'
dvidir='${docdir}'
exec_prefix='${prefix}'
extra_libraries=' libinproctrace.so'
host='x86_64-unknown-linux-gnu'
host_alias='x86_64-unknown-linux-gnu'
host_cpu='x86_64'
host_noncanonical='x86_64-unknown-linux-gnu'
host_os='linux-gnu'
host_vendor='unknown'
htmldir='${docdir}'
includedir='${prefix}/include'
infodir='${datarootdir}/info'
libdir='${exec_prefix}/lib'
libexecdir='${exec_prefix}/libexec'
localedir='${datarootdir}/locale'
localstatedir='${prefix}/var'
mandir='${datarootdir}/man'
oldincludedir='/usr/include'
pdfdir='${docdir}'
prefix='/usr/local/gdb-7.7'
program_transform_name='s,y,y,'
psdir='${docdir}'
sbindir='${exec_prefix}/sbin'
sharedstatedir='${prefix}/com'
srv_xmlbuiltin='xml-builtin.o'
srv_xmlfiles=' $(XML_DIR)/i386/i386-linux.xml $(XML_DIR)/i386/i386-avx-linux.xml $(XML_DIR)/i386/i386-mmx-linux.xml $(XML_DIR)/i386/32bit-linux.xml $(XML_DIR)/i386/i386-mpx-linux.xml $(XML_DIR)/i386/32bit-core.xml $(XML_DIR)/i386/32bit-sse.xml $(XML_DIR)/i386/32bit-avx.xml $(XML_DIR)/i386/32bit-mpx.xml $(XML_DIR)/i386/amd64-linux.xml $(XML_DIR)/i386/amd64-avx-linux.xml $(XML_DIR)/i386/64bit-linux.xml $(XML_DIR)/i386/amd64-mpx-linux.xml $(XML_DIR)/i386/x32-linux.xml $(XML_DIR)/i386/x32-avx-linux.xml $(XML_DIR)/i386/64bit-core.xml $(XML_DIR)/i386/64bit-sse.xml $(XML_DIR)/i386/64bit-avx.xml $(XML_DIR)/i386/x32-core.xml $(XML_DIR)/i386/64bit-mpx.xml'
sysconfdir='${prefix}/etc'
target='x86_64-unknown-linux-gnu'
target_alias='x86_64-unknown-linux-gnu'
target_cpu='x86_64'
target_noncanonical='x86_64-unknown-linux-gnu'
target_os='linux-gnu'
target_vendor='unknown'
ustinc=''
ustlibs=''

## ----------- ##
## confdefs.h. ##
## ----------- ##

/* confdefs.h */
#define PACKAGE_NAME ""
#define PACKAGE_TARNAME ""
#define PACKAGE_VERSION ""
#define PACKAGE_STRING ""
#define PACKAGE_BUGREPORT ""
#define PACKAGE_URL ""
#define STDC_HEADERS 1
#define HAVE_SYS_TYPES_H 1
#define HAVE_SYS_STAT_H 1
#define HAVE_STDLIB_H 1
#define HAVE_STRING_H 1
#define HAVE_MEMORY_H 1
#define HAVE_STRINGS_H 1
#define HAVE_INTTYPES_H 1
#define HAVE_STDINT_H 1
#define HAVE_UNISTD_H 1
#define __EXTENSIONS__ 1
#define _ALL_SOURCE 1
#define _GNU_SOURCE 1
#define _POSIX_PTHREAD_SEMANTICS 1
#define _TANDEM_SOURCE 1
#define STDC_HEADERS 1
#define HAVE_ALLOCA_H 1
#define HAVE_ALLOCA 1
#define HAVE_SGTTY_H 1
#define HAVE_TERMIO_H 1
#define HAVE_TERMIOS_H 1
#define HAVE_SYS_REG_H 1
#define HAVE_STRING_H 1
#define HAVE_SYS_PROCFS_H 1
#define HAVE_LINUX_ELF_H 1
#define HAVE_ERRNO_H 1
#define HAVE_FCNTL_H 1
#define HAVE_SIGNAL_H 1
#define HAVE_SYS_FILE_H 1
#define HAVE_MALLOC_H 1
#define HAVE_SYS_IOCTL_H 1
#define HAVE_NETINET_IN_H 1
#define HAVE_SYS_SOCKET_H 1
#define HAVE_NETDB_H 1
#define HAVE_NETINET_TCP_H 1
#define HAVE_ARPA_INET_H 1
#define HAVE_PREAD 1
#define HAVE_PWRITE 1
#define HAVE_PREAD64 1
#define HAVE_READLINK 1
#define HAVE_VASPRINTF 1
#define HAVE_VSNPRINTF 1
#define STDC_HEADERS 1
#define HAVE_ALLOCA_H 1
#define HAVE_ALLOCA 1
#define HAVE_LANGINFO_CODESET 1
#define HAVE_LINUX_PERF_EVENT_H 1
#define HAVE_LOCALE_H 1
#define HAVE_MEMORY_H 1
#define HAVE_SIGNAL_H 1
#define HAVE_SYS_RESOURCE_H 1
#define HAVE_SYS_SOCKET_H 1
#define HAVE_SYS_SYSCALL_H 1
#define HAVE_SYS_UN_H 1
#define HAVE_SYS_WAIT_H 1
#define HAVE_THREAD_DB_H 1
#define HAVE_WAIT_H 1
#define HAVE_GETRLIMIT 1
#define HAVE_PIPE 1
#define HAVE_PIPE2 1
#define HAVE_SOCKETPAIR 1
#define HAVE_DECL_STRERROR 1
#define HAVE_DECL_STRSTR 1
#define HAVE_DLADDR 1
#define HAVE_DECL_STRERROR 1
#define HAVE_DECL_PERROR 1
#define HAVE_DECL_VASPRINTF 1
#define HAVE_DECL_VSNPRINTF 1
#define HAVE_SOCKLEN_T 1
#define HAVE_ELF32_AUXV_T 1
#define HAVE_ELF64_AUXV_T 1
#define PKGVERSION "(GDB) "
#define REPORT_BUGS_TO "<http://www.gnu.org/software/gdb/bugs/>"
#define HAVE_LINUX_USRREGS 1
#define HAVE_LINUX_REGSETS 1
#define HAVE_PTRACE_GETREGS 1
#define HAVE_PTRACE_GETFPXREGS 1
#define HAVE_LINUX_BTRACE 1
#define HAVE_LWPID_T 1
#define HAVE_PSADDR_T 1
#define HAVE_PRGREGSET_T 1
#define HAVE_ELF_FPREGSET_T 1
#define HAVE_LIBDL 1
#define USE_THREAD_DB 1
#define HAVE_TD_VERSION 1
#define USE_XML 1
#define HAVE_SYNC_BUILTINS 1
#define HAVE_DECL_ADDR_NO_RANDOMIZE 1
#define HAVE_PERSONALITY 1

configure: exit 0

## ---------------------- ##
## Running config.status. ##
## ---------------------- ##

This file was extended by config.status, which was
generated by GNU Autoconf 2.64.  Invocation command line was

  CONFIG_FILES    = 
  CONFIG_HEADERS  = config.h:config.in
  CONFIG_LINKS    = 
  CONFIG_COMMANDS = 
  $ ./config.status 

on shihyu-MS-7758

config.status:938: creating config.h
config.status:1104: config.h is unchanged
config.status:1118: executing depdir commands
config.status:1118: executing default commands
